[2024-07-09T15:53:23.472+0000] {processor.py:153} INFO - Started process (PID=82) to work on /opt/airflow/dags/smooth.py
[2024-07-09T15:53:23.487+0000] {processor.py:743} INFO - Processing file /opt/airflow/dags/smooth.py for tasks to queue
[2024-07-09T15:53:23.489+0000] {logging_mixin.py:137} INFO - [2024-07-09T15:53:23.488+0000] {dagbag.py:538} INFO - Filling up the DagBag from /opt/airflow/dags/smooth.py
[2024-07-09T15:53:23.508+0000] {logging_mixin.py:137} INFO - [2024-07-09T15:53:23.506+0000] {dagbag.py:343} ERROR - Failed to import: /opt/airflow/dags/smooth.py
Traceback (most recent call last):
  File "/home/airflow/.local/lib/python3.7/site-packages/airflow/models/dagbag.py", line 339, in parse
    loader.exec_module(new_module)
  File "<frozen importlib._bootstrap_external>", line 724, in exec_module
  File "<frozen importlib._bootstrap_external>", line 860, in get_code
  File "<frozen importlib._bootstrap_external>", line 791, in source_to_code
  File "<frozen importlib._bootstrap>", line 219, in _call_with_frames_removed
  File "/opt/airflow/dags/smooth.py", line 12
    def smooth()
               ^
SyntaxError: invalid syntax
[2024-07-09T15:53:23.509+0000] {processor.py:755} WARNING - No viable dags retrieved from /opt/airflow/dags/smooth.py
[2024-07-09T15:53:23.625+0000] {processor.py:175} INFO - Processing /opt/airflow/dags/smooth.py took 0.180 seconds
[2024-07-09T15:53:53.742+0000] {processor.py:153} INFO - Started process (PID=107) to work on /opt/airflow/dags/smooth.py
[2024-07-09T15:53:53.742+0000] {processor.py:743} INFO - Processing file /opt/airflow/dags/smooth.py for tasks to queue
[2024-07-09T15:53:53.743+0000] {logging_mixin.py:137} INFO - [2024-07-09T15:53:53.743+0000] {dagbag.py:538} INFO - Filling up the DagBag from /opt/airflow/dags/smooth.py
[2024-07-09T15:53:53.746+0000] {logging_mixin.py:137} INFO - [2024-07-09T15:53:53.744+0000] {dagbag.py:343} ERROR - Failed to import: /opt/airflow/dags/smooth.py
Traceback (most recent call last):
  File "/home/airflow/.local/lib/python3.7/site-packages/airflow/models/dagbag.py", line 339, in parse
    loader.exec_module(new_module)
  File "<frozen importlib._bootstrap_external>", line 724, in exec_module
  File "<frozen importlib._bootstrap_external>", line 860, in get_code
  File "<frozen importlib._bootstrap_external>", line 791, in source_to_code
  File "<frozen importlib._bootstrap>", line 219, in _call_with_frames_removed
  File "/opt/airflow/dags/smooth.py", line 12
    def smooth()
               ^
SyntaxError: invalid syntax
[2024-07-09T15:53:53.746+0000] {processor.py:755} WARNING - No viable dags retrieved from /opt/airflow/dags/smooth.py
[2024-07-09T15:53:53.774+0000] {processor.py:175} INFO - Processing /opt/airflow/dags/smooth.py took 0.037 seconds
[2024-07-09T15:54:24.036+0000] {processor.py:153} INFO - Started process (PID=131) to work on /opt/airflow/dags/smooth.py
[2024-07-09T15:54:24.041+0000] {processor.py:743} INFO - Processing file /opt/airflow/dags/smooth.py for tasks to queue
[2024-07-09T15:54:24.044+0000] {logging_mixin.py:137} INFO - [2024-07-09T15:54:24.043+0000] {dagbag.py:538} INFO - Filling up the DagBag from /opt/airflow/dags/smooth.py
[2024-07-09T15:54:24.055+0000] {logging_mixin.py:137} INFO - [2024-07-09T15:54:24.053+0000] {dagbag.py:343} ERROR - Failed to import: /opt/airflow/dags/smooth.py
Traceback (most recent call last):
  File "/home/airflow/.local/lib/python3.7/site-packages/airflow/models/dagbag.py", line 339, in parse
    loader.exec_module(new_module)
  File "<frozen importlib._bootstrap_external>", line 724, in exec_module
  File "<frozen importlib._bootstrap_external>", line 860, in get_code
  File "<frozen importlib._bootstrap_external>", line 791, in source_to_code
  File "<frozen importlib._bootstrap>", line 219, in _call_with_frames_removed
  File "/opt/airflow/dags/smooth.py", line 12
    def smooth()
               ^
SyntaxError: invalid syntax
[2024-07-09T15:54:24.055+0000] {processor.py:755} WARNING - No viable dags retrieved from /opt/airflow/dags/smooth.py
[2024-07-09T15:54:24.103+0000] {processor.py:175} INFO - Processing /opt/airflow/dags/smooth.py took 0.076 seconds
[2024-07-09T15:54:54.311+0000] {processor.py:153} INFO - Started process (PID=156) to work on /opt/airflow/dags/smooth.py
[2024-07-09T15:54:54.318+0000] {processor.py:743} INFO - Processing file /opt/airflow/dags/smooth.py for tasks to queue
[2024-07-09T15:54:54.320+0000] {logging_mixin.py:137} INFO - [2024-07-09T15:54:54.319+0000] {dagbag.py:538} INFO - Filling up the DagBag from /opt/airflow/dags/smooth.py
[2024-07-09T15:54:54.324+0000] {logging_mixin.py:137} INFO - [2024-07-09T15:54:54.322+0000] {dagbag.py:343} ERROR - Failed to import: /opt/airflow/dags/smooth.py
Traceback (most recent call last):
  File "/home/airflow/.local/lib/python3.7/site-packages/airflow/models/dagbag.py", line 339, in parse
    loader.exec_module(new_module)
  File "<frozen importlib._bootstrap_external>", line 724, in exec_module
  File "<frozen importlib._bootstrap_external>", line 860, in get_code
  File "<frozen importlib._bootstrap_external>", line 791, in source_to_code
  File "<frozen importlib._bootstrap>", line 219, in _call_with_frames_removed
  File "/opt/airflow/dags/smooth.py", line 12
    def smooth()
               ^
SyntaxError: invalid syntax
[2024-07-09T15:54:54.325+0000] {processor.py:755} WARNING - No viable dags retrieved from /opt/airflow/dags/smooth.py
[2024-07-09T15:54:54.360+0000] {processor.py:175} INFO - Processing /opt/airflow/dags/smooth.py took 0.056 seconds
[2024-07-09T15:55:01.400+0000] {processor.py:153} INFO - Started process (PID=157) to work on /opt/airflow/dags/smooth.py
[2024-07-09T15:55:01.407+0000] {processor.py:743} INFO - Processing file /opt/airflow/dags/smooth.py for tasks to queue
[2024-07-09T15:55:01.408+0000] {logging_mixin.py:137} INFO - [2024-07-09T15:55:01.408+0000] {dagbag.py:538} INFO - Filling up the DagBag from /opt/airflow/dags/smooth.py
[2024-07-09T15:55:01.557+0000] {processor.py:753} INFO - DAG(s) dict_keys(['smooth']) retrieved from /opt/airflow/dags/smooth.py
[2024-07-09T15:55:01.852+0000] {logging_mixin.py:137} INFO - [2024-07-09T15:55:01.852+0000] {manager.py:504} INFO - Created Permission View: can edit on DAG:smooth
[2024-07-09T15:55:01.868+0000] {logging_mixin.py:137} INFO - [2024-07-09T15:55:01.867+0000] {manager.py:504} INFO - Created Permission View: can read on DAG:smooth
[2024-07-09T15:55:01.878+0000] {logging_mixin.py:137} INFO - [2024-07-09T15:55:01.878+0000] {manager.py:504} INFO - Created Permission View: can delete on DAG:smooth
[2024-07-09T15:55:01.878+0000] {logging_mixin.py:137} INFO - [2024-07-09T15:55:01.878+0000] {dag.py:2690} INFO - Sync 1 DAGs
[2024-07-09T15:55:01.897+0000] {logging_mixin.py:137} INFO - [2024-07-09T15:55:01.897+0000] {dag.py:2711} INFO - Creating ORM DAG for smooth
[2024-07-09T15:55:01.917+0000] {logging_mixin.py:137} INFO - [2024-07-09T15:55:01.917+0000] {dag.py:3441} INFO - Setting next_dagrun for smooth to None, run_after=None
[2024-07-09T15:55:01.947+0000] {processor.py:175} INFO - Processing /opt/airflow/dags/smooth.py took 0.555 seconds
[2024-07-09T15:55:32.181+0000] {processor.py:153} INFO - Started process (PID=182) to work on /opt/airflow/dags/smooth.py
[2024-07-09T15:55:32.187+0000] {processor.py:743} INFO - Processing file /opt/airflow/dags/smooth.py for tasks to queue
[2024-07-09T15:55:32.189+0000] {logging_mixin.py:137} INFO - [2024-07-09T15:55:32.188+0000] {dagbag.py:538} INFO - Filling up the DagBag from /opt/airflow/dags/smooth.py
[2024-07-09T15:55:32.226+0000] {processor.py:753} INFO - DAG(s) dict_keys(['smooth']) retrieved from /opt/airflow/dags/smooth.py
[2024-07-09T15:55:32.279+0000] {logging_mixin.py:137} INFO - [2024-07-09T15:55:32.278+0000] {dag.py:2690} INFO - Sync 1 DAGs
[2024-07-09T15:55:32.341+0000] {logging_mixin.py:137} INFO - [2024-07-09T15:55:32.341+0000] {dag.py:3441} INFO - Setting next_dagrun for smooth to None, run_after=None
[2024-07-09T15:55:32.391+0000] {processor.py:175} INFO - Processing /opt/airflow/dags/smooth.py took 0.215 seconds
[2024-07-09T15:57:44.560+0000] {processor.py:153} INFO - Started process (PID=57) to work on /opt/airflow/dags/smooth.py
[2024-07-09T15:57:44.595+0000] {processor.py:743} INFO - Processing file /opt/airflow/dags/smooth.py for tasks to queue
[2024-07-09T15:57:44.604+0000] {logging_mixin.py:137} INFO - [2024-07-09T15:57:44.597+0000] {dagbag.py:538} INFO - Filling up the DagBag from /opt/airflow/dags/smooth.py
[2024-07-09T15:57:44.930+0000] {processor.py:753} INFO - DAG(s) dict_keys(['smooth']) retrieved from /opt/airflow/dags/smooth.py
[2024-07-09T15:57:45.414+0000] {logging_mixin.py:137} INFO - [2024-07-09T15:57:45.413+0000] {dag.py:2690} INFO - Sync 1 DAGs
[2024-07-09T15:57:45.550+0000] {logging_mixin.py:137} INFO - [2024-07-09T15:57:45.549+0000] {dag.py:3441} INFO - Setting next_dagrun for smooth to None, run_after=None
[2024-07-09T15:57:45.687+0000] {processor.py:175} INFO - Processing /opt/airflow/dags/smooth.py took 1.151 seconds
[2024-07-09T15:58:15.962+0000] {processor.py:153} INFO - Started process (PID=82) to work on /opt/airflow/dags/smooth.py
[2024-07-09T15:58:15.963+0000] {processor.py:743} INFO - Processing file /opt/airflow/dags/smooth.py for tasks to queue
[2024-07-09T15:58:15.964+0000] {logging_mixin.py:137} INFO - [2024-07-09T15:58:15.963+0000] {dagbag.py:538} INFO - Filling up the DagBag from /opt/airflow/dags/smooth.py
[2024-07-09T15:58:15.991+0000] {processor.py:753} INFO - DAG(s) dict_keys(['smooth']) retrieved from /opt/airflow/dags/smooth.py
[2024-07-09T15:58:16.022+0000] {logging_mixin.py:137} INFO - [2024-07-09T15:58:16.022+0000] {dag.py:2690} INFO - Sync 1 DAGs
[2024-07-09T15:58:16.056+0000] {logging_mixin.py:137} INFO - [2024-07-09T15:58:16.056+0000] {dag.py:3441} INFO - Setting next_dagrun for smooth to None, run_after=None
[2024-07-09T15:58:16.085+0000] {processor.py:175} INFO - Processing /opt/airflow/dags/smooth.py took 0.128 seconds
[2024-07-09T15:58:46.264+0000] {processor.py:153} INFO - Started process (PID=108) to work on /opt/airflow/dags/smooth.py
[2024-07-09T15:58:46.271+0000] {processor.py:743} INFO - Processing file /opt/airflow/dags/smooth.py for tasks to queue
[2024-07-09T15:58:46.272+0000] {logging_mixin.py:137} INFO - [2024-07-09T15:58:46.272+0000] {dagbag.py:538} INFO - Filling up the DagBag from /opt/airflow/dags/smooth.py
[2024-07-09T15:58:46.306+0000] {processor.py:753} INFO - DAG(s) dict_keys(['smooth']) retrieved from /opt/airflow/dags/smooth.py
[2024-07-09T15:58:46.334+0000] {logging_mixin.py:137} INFO - [2024-07-09T15:58:46.333+0000] {dag.py:2690} INFO - Sync 1 DAGs
[2024-07-09T15:58:46.368+0000] {logging_mixin.py:137} INFO - [2024-07-09T15:58:46.368+0000] {dag.py:3441} INFO - Setting next_dagrun for smooth to None, run_after=None
[2024-07-09T15:58:46.399+0000] {processor.py:175} INFO - Processing /opt/airflow/dags/smooth.py took 0.140 seconds
[2024-07-09T15:59:16.493+0000] {processor.py:153} INFO - Started process (PID=133) to work on /opt/airflow/dags/smooth.py
[2024-07-09T15:59:16.494+0000] {processor.py:743} INFO - Processing file /opt/airflow/dags/smooth.py for tasks to queue
[2024-07-09T15:59:16.495+0000] {logging_mixin.py:137} INFO - [2024-07-09T15:59:16.494+0000] {dagbag.py:538} INFO - Filling up the DagBag from /opt/airflow/dags/smooth.py
[2024-07-09T15:59:16.524+0000] {processor.py:753} INFO - DAG(s) dict_keys(['smooth']) retrieved from /opt/airflow/dags/smooth.py
[2024-07-09T15:59:16.558+0000] {logging_mixin.py:137} INFO - [2024-07-09T15:59:16.558+0000] {dag.py:2690} INFO - Sync 1 DAGs
[2024-07-09T15:59:16.600+0000] {logging_mixin.py:137} INFO - [2024-07-09T15:59:16.599+0000] {dag.py:3441} INFO - Setting next_dagrun for smooth to None, run_after=None
[2024-07-09T15:59:16.635+0000] {processor.py:175} INFO - Processing /opt/airflow/dags/smooth.py took 0.146 seconds
[2024-07-09T15:59:46.797+0000] {processor.py:153} INFO - Started process (PID=157) to work on /opt/airflow/dags/smooth.py
[2024-07-09T15:59:46.803+0000] {processor.py:743} INFO - Processing file /opt/airflow/dags/smooth.py for tasks to queue
[2024-07-09T15:59:46.804+0000] {logging_mixin.py:137} INFO - [2024-07-09T15:59:46.804+0000] {dagbag.py:538} INFO - Filling up the DagBag from /opt/airflow/dags/smooth.py
[2024-07-09T15:59:46.834+0000] {processor.py:753} INFO - DAG(s) dict_keys(['smooth']) retrieved from /opt/airflow/dags/smooth.py
[2024-07-09T15:59:46.863+0000] {logging_mixin.py:137} INFO - [2024-07-09T15:59:46.863+0000] {dag.py:2690} INFO - Sync 1 DAGs
[2024-07-09T15:59:46.900+0000] {logging_mixin.py:137} INFO - [2024-07-09T15:59:46.899+0000] {dag.py:3441} INFO - Setting next_dagrun for smooth to None, run_after=None
[2024-07-09T15:59:46.932+0000] {processor.py:175} INFO - Processing /opt/airflow/dags/smooth.py took 0.140 seconds
[2024-07-09T16:00:17.045+0000] {processor.py:153} INFO - Started process (PID=181) to work on /opt/airflow/dags/smooth.py
[2024-07-09T16:00:17.046+0000] {processor.py:743} INFO - Processing file /opt/airflow/dags/smooth.py for tasks to queue
[2024-07-09T16:00:17.047+0000] {logging_mixin.py:137} INFO - [2024-07-09T16:00:17.047+0000] {dagbag.py:538} INFO - Filling up the DagBag from /opt/airflow/dags/smooth.py
[2024-07-09T16:00:17.077+0000] {processor.py:753} INFO - DAG(s) dict_keys(['smooth']) retrieved from /opt/airflow/dags/smooth.py
[2024-07-09T16:00:17.110+0000] {logging_mixin.py:137} INFO - [2024-07-09T16:00:17.109+0000] {dag.py:2690} INFO - Sync 1 DAGs
[2024-07-09T16:00:17.148+0000] {logging_mixin.py:137} INFO - [2024-07-09T16:00:17.147+0000] {dag.py:3441} INFO - Setting next_dagrun for smooth to None, run_after=None
[2024-07-09T16:00:17.196+0000] {processor.py:175} INFO - Processing /opt/airflow/dags/smooth.py took 0.156 seconds
[2024-07-09T16:00:47.363+0000] {processor.py:153} INFO - Started process (PID=216) to work on /opt/airflow/dags/smooth.py
[2024-07-09T16:00:47.369+0000] {processor.py:743} INFO - Processing file /opt/airflow/dags/smooth.py for tasks to queue
[2024-07-09T16:00:47.372+0000] {logging_mixin.py:137} INFO - [2024-07-09T16:00:47.371+0000] {dagbag.py:538} INFO - Filling up the DagBag from /opt/airflow/dags/smooth.py
[2024-07-09T16:00:47.482+0000] {processor.py:753} INFO - DAG(s) dict_keys(['smooth']) retrieved from /opt/airflow/dags/smooth.py
[2024-07-09T16:00:47.558+0000] {logging_mixin.py:137} INFO - [2024-07-09T16:00:47.558+0000] {dag.py:2690} INFO - Sync 1 DAGs
[2024-07-09T16:00:47.649+0000] {logging_mixin.py:137} INFO - [2024-07-09T16:00:47.648+0000] {dag.py:3441} INFO - Setting next_dagrun for smooth to None, run_after=None
[2024-07-09T16:00:47.724+0000] {processor.py:175} INFO - Processing /opt/airflow/dags/smooth.py took 0.367 seconds
[2024-07-09T16:01:18.007+0000] {processor.py:153} INFO - Started process (PID=239) to work on /opt/airflow/dags/smooth.py
[2024-07-09T16:01:18.008+0000] {processor.py:743} INFO - Processing file /opt/airflow/dags/smooth.py for tasks to queue
[2024-07-09T16:01:18.030+0000] {logging_mixin.py:137} INFO - [2024-07-09T16:01:18.030+0000] {dagbag.py:538} INFO - Filling up the DagBag from /opt/airflow/dags/smooth.py
[2024-07-09T16:01:18.159+0000] {processor.py:753} INFO - DAG(s) dict_keys(['smooth']) retrieved from /opt/airflow/dags/smooth.py
[2024-07-09T16:01:18.309+0000] {logging_mixin.py:137} INFO - [2024-07-09T16:01:18.308+0000] {dag.py:2690} INFO - Sync 1 DAGs
[2024-07-09T16:01:18.399+0000] {logging_mixin.py:137} INFO - [2024-07-09T16:01:18.399+0000] {dag.py:3441} INFO - Setting next_dagrun for smooth to None, run_after=None
[2024-07-09T16:01:18.479+0000] {processor.py:175} INFO - Processing /opt/airflow/dags/smooth.py took 0.477 seconds
[2024-07-09T16:01:48.825+0000] {processor.py:153} INFO - Started process (PID=255) to work on /opt/airflow/dags/smooth.py
[2024-07-09T16:01:48.827+0000] {processor.py:743} INFO - Processing file /opt/airflow/dags/smooth.py for tasks to queue
[2024-07-09T16:01:48.828+0000] {logging_mixin.py:137} INFO - [2024-07-09T16:01:48.828+0000] {dagbag.py:538} INFO - Filling up the DagBag from /opt/airflow/dags/smooth.py
[2024-07-09T16:01:48.866+0000] {processor.py:753} INFO - DAG(s) dict_keys(['smooth']) retrieved from /opt/airflow/dags/smooth.py
[2024-07-09T16:01:48.903+0000] {logging_mixin.py:137} INFO - [2024-07-09T16:01:48.903+0000] {dag.py:2690} INFO - Sync 1 DAGs
[2024-07-09T16:01:48.952+0000] {logging_mixin.py:137} INFO - [2024-07-09T16:01:48.951+0000] {dag.py:3441} INFO - Setting next_dagrun for smooth to None, run_after=None
[2024-07-09T16:01:48.990+0000] {processor.py:175} INFO - Processing /opt/airflow/dags/smooth.py took 0.171 seconds
[2024-07-09T16:02:19.109+0000] {processor.py:153} INFO - Started process (PID=279) to work on /opt/airflow/dags/smooth.py
[2024-07-09T16:02:19.116+0000] {processor.py:743} INFO - Processing file /opt/airflow/dags/smooth.py for tasks to queue
[2024-07-09T16:02:19.117+0000] {logging_mixin.py:137} INFO - [2024-07-09T16:02:19.117+0000] {dagbag.py:538} INFO - Filling up the DagBag from /opt/airflow/dags/smooth.py
[2024-07-09T16:02:19.152+0000] {processor.py:753} INFO - DAG(s) dict_keys(['smooth']) retrieved from /opt/airflow/dags/smooth.py
[2024-07-09T16:02:19.192+0000] {logging_mixin.py:137} INFO - [2024-07-09T16:02:19.192+0000] {dag.py:2690} INFO - Sync 1 DAGs
[2024-07-09T16:02:19.248+0000] {logging_mixin.py:137} INFO - [2024-07-09T16:02:19.247+0000] {dag.py:3441} INFO - Setting next_dagrun for smooth to None, run_after=None
[2024-07-09T16:02:19.295+0000] {processor.py:175} INFO - Processing /opt/airflow/dags/smooth.py took 0.191 seconds
[2024-07-09T16:02:49.511+0000] {processor.py:153} INFO - Started process (PID=302) to work on /opt/airflow/dags/smooth.py
[2024-07-09T16:02:49.521+0000] {processor.py:743} INFO - Processing file /opt/airflow/dags/smooth.py for tasks to queue
[2024-07-09T16:02:49.524+0000] {logging_mixin.py:137} INFO - [2024-07-09T16:02:49.523+0000] {dagbag.py:538} INFO - Filling up the DagBag from /opt/airflow/dags/smooth.py
[2024-07-09T16:02:49.580+0000] {processor.py:753} INFO - DAG(s) dict_keys(['smooth']) retrieved from /opt/airflow/dags/smooth.py
[2024-07-09T16:02:49.653+0000] {logging_mixin.py:137} INFO - [2024-07-09T16:02:49.652+0000] {dag.py:2690} INFO - Sync 1 DAGs
[2024-07-09T16:02:49.738+0000] {logging_mixin.py:137} INFO - [2024-07-09T16:02:49.738+0000] {dag.py:3441} INFO - Setting next_dagrun for smooth to None, run_after=None
[2024-07-09T16:02:49.802+0000] {processor.py:175} INFO - Processing /opt/airflow/dags/smooth.py took 0.303 seconds
[2024-07-09T16:03:20.089+0000] {processor.py:153} INFO - Started process (PID=326) to work on /opt/airflow/dags/smooth.py
[2024-07-09T16:03:20.095+0000] {processor.py:743} INFO - Processing file /opt/airflow/dags/smooth.py for tasks to queue
[2024-07-09T16:03:20.097+0000] {logging_mixin.py:137} INFO - [2024-07-09T16:03:20.097+0000] {dagbag.py:538} INFO - Filling up the DagBag from /opt/airflow/dags/smooth.py
[2024-07-09T16:03:20.187+0000] {processor.py:753} INFO - DAG(s) dict_keys(['smooth']) retrieved from /opt/airflow/dags/smooth.py
[2024-07-09T16:03:20.248+0000] {logging_mixin.py:137} INFO - [2024-07-09T16:03:20.247+0000] {dag.py:2690} INFO - Sync 1 DAGs
[2024-07-09T16:03:20.322+0000] {logging_mixin.py:137} INFO - [2024-07-09T16:03:20.322+0000] {dag.py:3441} INFO - Setting next_dagrun for smooth to None, run_after=None
[2024-07-09T16:03:20.390+0000] {processor.py:175} INFO - Processing /opt/airflow/dags/smooth.py took 0.309 seconds
[2024-07-09T18:34:27.398+0000] {processor.py:153} INFO - Started process (PID=56) to work on /opt/airflow/dags/smooth.py
[2024-07-09T18:34:27.438+0000] {processor.py:743} INFO - Processing file /opt/airflow/dags/smooth.py for tasks to queue
[2024-07-09T18:34:27.441+0000] {logging_mixin.py:137} INFO - [2024-07-09T18:34:27.440+0000] {dagbag.py:538} INFO - Filling up the DagBag from /opt/airflow/dags/smooth.py
[2024-07-09T18:34:28.192+0000] {processor.py:753} INFO - DAG(s) dict_keys(['smooth']) retrieved from /opt/airflow/dags/smooth.py
[2024-07-09T18:34:29.082+0000] {logging_mixin.py:137} INFO - [2024-07-09T18:34:29.081+0000] {manager.py:504} INFO - Created Permission View: can delete on DAG:smooth
[2024-07-09T18:34:29.138+0000] {logging_mixin.py:137} INFO - [2024-07-09T18:34:29.137+0000] {manager.py:504} INFO - Created Permission View: can read on DAG:smooth
[2024-07-09T18:34:29.158+0000] {logging_mixin.py:137} INFO - [2024-07-09T18:34:29.158+0000] {manager.py:504} INFO - Created Permission View: can edit on DAG:smooth
[2024-07-09T18:34:29.158+0000] {logging_mixin.py:137} INFO - [2024-07-09T18:34:29.158+0000] {dag.py:2690} INFO - Sync 1 DAGs
[2024-07-09T18:34:29.240+0000] {logging_mixin.py:137} INFO - [2024-07-09T18:34:29.239+0000] {dag.py:2711} INFO - Creating ORM DAG for smooth
[2024-07-09T18:34:29.317+0000] {logging_mixin.py:137} INFO - [2024-07-09T18:34:29.316+0000] {dag.py:3441} INFO - Setting next_dagrun for smooth to None, run_after=None
[2024-07-09T18:34:29.410+0000] {processor.py:175} INFO - Processing /opt/airflow/dags/smooth.py took 2.065 seconds
[2024-07-09T18:34:59.669+0000] {processor.py:153} INFO - Started process (PID=81) to work on /opt/airflow/dags/smooth.py
[2024-07-09T18:34:59.671+0000] {processor.py:743} INFO - Processing file /opt/airflow/dags/smooth.py for tasks to queue
[2024-07-09T18:34:59.673+0000] {logging_mixin.py:137} INFO - [2024-07-09T18:34:59.672+0000] {dagbag.py:538} INFO - Filling up the DagBag from /opt/airflow/dags/smooth.py
[2024-07-09T18:34:59.812+0000] {processor.py:753} INFO - DAG(s) dict_keys(['smooth']) retrieved from /opt/airflow/dags/smooth.py
[2024-07-09T18:34:59.890+0000] {logging_mixin.py:137} INFO - [2024-07-09T18:34:59.890+0000] {dag.py:2690} INFO - Sync 1 DAGs
[2024-07-09T18:34:59.987+0000] {logging_mixin.py:137} INFO - [2024-07-09T18:34:59.986+0000] {dag.py:3441} INFO - Setting next_dagrun for smooth to None, run_after=None
[2024-07-09T18:35:00.064+0000] {processor.py:175} INFO - Processing /opt/airflow/dags/smooth.py took 0.415 seconds
[2024-07-09T18:35:30.358+0000] {processor.py:153} INFO - Started process (PID=104) to work on /opt/airflow/dags/smooth.py
[2024-07-09T18:35:30.364+0000] {processor.py:743} INFO - Processing file /opt/airflow/dags/smooth.py for tasks to queue
[2024-07-09T18:35:30.366+0000] {logging_mixin.py:137} INFO - [2024-07-09T18:35:30.365+0000] {dagbag.py:538} INFO - Filling up the DagBag from /opt/airflow/dags/smooth.py
[2024-07-09T18:35:30.412+0000] {processor.py:753} INFO - DAG(s) dict_keys(['smooth']) retrieved from /opt/airflow/dags/smooth.py
[2024-07-09T18:35:30.456+0000] {logging_mixin.py:137} INFO - [2024-07-09T18:35:30.456+0000] {dag.py:2690} INFO - Sync 1 DAGs
[2024-07-09T18:35:30.516+0000] {logging_mixin.py:137} INFO - [2024-07-09T18:35:30.515+0000] {dag.py:3441} INFO - Setting next_dagrun for smooth to None, run_after=None
[2024-07-09T18:35:30.562+0000] {processor.py:175} INFO - Processing /opt/airflow/dags/smooth.py took 0.210 seconds
[2024-07-09T18:36:00.621+0000] {processor.py:153} INFO - Started process (PID=120) to work on /opt/airflow/dags/smooth.py
[2024-07-09T18:36:00.622+0000] {processor.py:743} INFO - Processing file /opt/airflow/dags/smooth.py for tasks to queue
[2024-07-09T18:36:00.623+0000] {logging_mixin.py:137} INFO - [2024-07-09T18:36:00.623+0000] {dagbag.py:538} INFO - Filling up the DagBag from /opt/airflow/dags/smooth.py
[2024-07-09T18:36:00.658+0000] {processor.py:753} INFO - DAG(s) dict_keys(['smooth']) retrieved from /opt/airflow/dags/smooth.py
[2024-07-09T18:36:00.701+0000] {logging_mixin.py:137} INFO - [2024-07-09T18:36:00.701+0000] {dag.py:2690} INFO - Sync 1 DAGs
[2024-07-09T18:36:00.747+0000] {logging_mixin.py:137} INFO - [2024-07-09T18:36:00.747+0000] {dag.py:3441} INFO - Setting next_dagrun for smooth to None, run_after=None
[2024-07-09T18:36:00.773+0000] {processor.py:175} INFO - Processing /opt/airflow/dags/smooth.py took 0.158 seconds
[2024-07-09T18:36:30.866+0000] {processor.py:153} INFO - Started process (PID=146) to work on /opt/airflow/dags/smooth.py
[2024-07-09T18:36:30.873+0000] {processor.py:743} INFO - Processing file /opt/airflow/dags/smooth.py for tasks to queue
[2024-07-09T18:36:30.875+0000] {logging_mixin.py:137} INFO - [2024-07-09T18:36:30.875+0000] {dagbag.py:538} INFO - Filling up the DagBag from /opt/airflow/dags/smooth.py
[2024-07-09T18:36:30.936+0000] {processor.py:753} INFO - DAG(s) dict_keys(['smooth']) retrieved from /opt/airflow/dags/smooth.py
[2024-07-09T18:36:31.006+0000] {logging_mixin.py:137} INFO - [2024-07-09T18:36:31.006+0000] {dag.py:2690} INFO - Sync 1 DAGs
[2024-07-09T18:36:31.049+0000] {logging_mixin.py:137} INFO - [2024-07-09T18:36:31.049+0000] {dag.py:3441} INFO - Setting next_dagrun for smooth to None, run_after=None
[2024-07-09T18:36:31.074+0000] {processor.py:175} INFO - Processing /opt/airflow/dags/smooth.py took 0.218 seconds
[2024-07-09T18:37:01.276+0000] {processor.py:153} INFO - Started process (PID=171) to work on /opt/airflow/dags/smooth.py
[2024-07-09T18:37:01.277+0000] {processor.py:743} INFO - Processing file /opt/airflow/dags/smooth.py for tasks to queue
[2024-07-09T18:37:01.279+0000] {logging_mixin.py:137} INFO - [2024-07-09T18:37:01.279+0000] {dagbag.py:538} INFO - Filling up the DagBag from /opt/airflow/dags/smooth.py
[2024-07-09T18:37:01.420+0000] {processor.py:753} INFO - DAG(s) dict_keys(['smooth']) retrieved from /opt/airflow/dags/smooth.py
[2024-07-09T18:37:01.502+0000] {logging_mixin.py:137} INFO - [2024-07-09T18:37:01.501+0000] {dag.py:2690} INFO - Sync 1 DAGs
[2024-07-09T18:37:01.589+0000] {logging_mixin.py:137} INFO - [2024-07-09T18:37:01.589+0000] {dag.py:3441} INFO - Setting next_dagrun for smooth to None, run_after=None
[2024-07-09T18:37:01.776+0000] {processor.py:175} INFO - Processing /opt/airflow/dags/smooth.py took 0.515 seconds
[2024-07-09T18:37:32.125+0000] {processor.py:153} INFO - Started process (PID=196) to work on /opt/airflow/dags/smooth.py
[2024-07-09T18:37:32.126+0000] {processor.py:743} INFO - Processing file /opt/airflow/dags/smooth.py for tasks to queue
[2024-07-09T18:37:32.129+0000] {logging_mixin.py:137} INFO - [2024-07-09T18:37:32.128+0000] {dagbag.py:538} INFO - Filling up the DagBag from /opt/airflow/dags/smooth.py
[2024-07-09T18:37:32.208+0000] {processor.py:753} INFO - DAG(s) dict_keys(['smooth']) retrieved from /opt/airflow/dags/smooth.py
[2024-07-09T18:37:32.273+0000] {logging_mixin.py:137} INFO - [2024-07-09T18:37:32.273+0000] {dag.py:2690} INFO - Sync 1 DAGs
[2024-07-09T18:37:32.339+0000] {logging_mixin.py:137} INFO - [2024-07-09T18:37:32.339+0000] {dag.py:3441} INFO - Setting next_dagrun for smooth to None, run_after=None
[2024-07-09T18:37:32.389+0000] {processor.py:175} INFO - Processing /opt/airflow/dags/smooth.py took 0.273 seconds
