[2024-07-09T15:53:23.242+0000] {manager.py:483} INFO - Processing files using up to 2 processes at a time 
[2024-07-09T15:53:23.255+0000] {manager.py:484} INFO - Process each file at most once every 30 seconds
[2024-07-09T15:53:23.256+0000] {manager.py:486} INFO - Checking for new files in /opt/airflow/dags every 300 seconds
[2024-07-09T15:53:23.256+0000] {manager.py:726} INFO - Searching for files in /opt/airflow/dags
[2024-07-09T15:53:23.258+0000] {manager.py:729} INFO - There are 1 files in /opt/airflow/dags
[2024-07-09T15:53:23.659+0000] {manager.py:854} INFO - 
================================================================================
DAG File Processing Stats

File Path                    PID    Runtime      # DAGs    # Errors  Last Runtime    Last Run
---------------------------  -----  ---------  --------  ----------  --------------  -------------------
/opt/airflow/dags/smooth.py                           0           1  0.24s           2024-07-09T15:53:23
================================================================================
[2024-07-09T15:53:53.735+0000] {manager.py:854} INFO - 
================================================================================
DAG File Processing Stats

File Path                      PID  Runtime      # DAGs    # Errors  Last Runtime    Last Run
---------------------------  -----  ---------  --------  ----------  --------------  -------------------
/opt/airflow/dags/smooth.py    107  0.01s             0           1  0.24s           2024-07-09T15:53:23
================================================================================
[2024-07-09T15:54:24.016+0000] {manager.py:854} INFO - 
================================================================================
DAG File Processing Stats

File Path                      PID  Runtime      # DAGs    # Errors  Last Runtime    Last Run
---------------------------  -----  ---------  --------  ----------  --------------  -------------------
/opt/airflow/dags/smooth.py    131  0.01s             0           1  0.06s           2024-07-09T15:53:53
================================================================================
[2024-07-09T15:54:54.302+0000] {manager.py:854} INFO - 
================================================================================
DAG File Processing Stats

File Path                      PID  Runtime      # DAGs    # Errors  Last Runtime    Last Run
---------------------------  -----  ---------  --------  ----------  --------------  -------------------
/opt/airflow/dags/smooth.py    156  0.01s             0           1  0.11s           2024-07-09T15:54:24
================================================================================
[2024-07-09T15:55:24.609+0000] {manager.py:854} INFO - 
================================================================================
DAG File Processing Stats

File Path                    PID    Runtime      # DAGs    # Errors  Last Runtime    Last Run
---------------------------  -----  ---------  --------  ----------  --------------  -------------------
/opt/airflow/dags/smooth.py                           1           0  0.58s           2024-07-09T15:55:01
================================================================================
[2024-07-09T15:55:55.331+0000] {manager.py:854} INFO - 
================================================================================
DAG File Processing Stats

File Path                    PID    Runtime      # DAGs    # Errors  Last Runtime    Last Run
---------------------------  -----  ---------  --------  ----------  --------------  -------------------
/opt/airflow/dags/smooth.py                           1           0  0.24s           2024-07-09T15:55:32
================================================================================
[2024-07-09T15:55:56.826+0000] {manager.py:465} INFO - Exiting gracefully upon receiving signal 15
[2024-07-09T15:57:44.424+0000] {manager.py:483} INFO - Processing files using up to 2 processes at a time 
[2024-07-09T15:57:44.432+0000] {manager.py:484} INFO - Process each file at most once every 30 seconds
[2024-07-09T15:57:44.433+0000] {manager.py:486} INFO - Checking for new files in /opt/airflow/dags every 300 seconds
[2024-07-09T15:57:44.438+0000] {manager.py:726} INFO - Searching for files in /opt/airflow/dags
[2024-07-09T15:57:44.446+0000] {manager.py:729} INFO - There are 1 files in /opt/airflow/dags
[2024-07-09T15:57:44.691+0000] {manager.py:854} INFO - 
================================================================================
DAG File Processing Stats

File Path                      PID  Runtime      # DAGs    # Errors  Last Runtime    Last Run
---------------------------  -----  ---------  --------  ----------  --------------  ----------
/opt/airflow/dags/smooth.py     57  0.17s             0           0
================================================================================
[2024-07-09T15:58:14.935+0000] {manager.py:854} INFO - 
================================================================================
DAG File Processing Stats

File Path                    PID    Runtime      # DAGs    # Errors  Last Runtime    Last Run
---------------------------  -----  ---------  --------  ----------  --------------  -------------------
/opt/airflow/dags/smooth.py                           1           0  1.21s           2024-07-09T15:57:45
================================================================================
[2024-07-09T15:58:45.234+0000] {manager.py:854} INFO - 
================================================================================
DAG File Processing Stats

File Path                    PID    Runtime      # DAGs    # Errors  Last Runtime    Last Run
---------------------------  -----  ---------  --------  ----------  --------------  -------------------
/opt/airflow/dags/smooth.py                           1           0  0.15s           2024-07-09T15:58:16
================================================================================
[2024-07-09T15:59:15.475+0000] {manager.py:854} INFO - 
================================================================================
DAG File Processing Stats

File Path                    PID    Runtime      # DAGs    # Errors  Last Runtime    Last Run
---------------------------  -----  ---------  --------  ----------  --------------  -------------------
/opt/airflow/dags/smooth.py                           1           0  0.16s           2024-07-09T15:58:46
================================================================================
[2024-07-09T15:59:45.765+0000] {manager.py:854} INFO - 
================================================================================
DAG File Processing Stats

File Path                    PID    Runtime      # DAGs    # Errors  Last Runtime    Last Run
---------------------------  -----  ---------  --------  ----------  --------------  -------------------
/opt/airflow/dags/smooth.py                           1           0  0.17s           2024-07-09T15:59:16
================================================================================
[2024-07-09T16:00:16.016+0000] {manager.py:854} INFO - 
================================================================================
DAG File Processing Stats

File Path                    PID    Runtime      # DAGs    # Errors  Last Runtime    Last Run
---------------------------  -----  ---------  --------  ----------  --------------  -------------------
/opt/airflow/dags/smooth.py                           1           0  0.16s           2024-07-09T15:59:46
================================================================================
[2024-07-09T16:00:46.320+0000] {manager.py:854} INFO - 
================================================================================
DAG File Processing Stats

File Path                    PID    Runtime      # DAGs    # Errors  Last Runtime    Last Run
---------------------------  -----  ---------  --------  ----------  --------------  -------------------
/opt/airflow/dags/smooth.py                           1           0  0.19s           2024-07-09T16:00:17
================================================================================
[2024-07-09T16:01:16.603+0000] {manager.py:854} INFO - 
================================================================================
DAG File Processing Stats

File Path                    PID    Runtime      # DAGs    # Errors  Last Runtime    Last Run
---------------------------  -----  ---------  --------  ----------  --------------  -------------------
/opt/airflow/dags/smooth.py                           1           0  0.41s           2024-07-09T16:00:47
================================================================================
[2024-07-09T16:01:46.798+0000] {manager.py:854} INFO - 
================================================================================
DAG File Processing Stats

File Path                    PID    Runtime      # DAGs    # Errors  Last Runtime    Last Run
---------------------------  -----  ---------  --------  ----------  --------------  -------------------
/opt/airflow/dags/smooth.py                           1           0  0.54s           2024-07-09T16:01:18
================================================================================
[2024-07-09T16:02:17.075+0000] {manager.py:854} INFO - 
================================================================================
DAG File Processing Stats

File Path                    PID    Runtime      # DAGs    # Errors  Last Runtime    Last Run
---------------------------  -----  ---------  --------  ----------  --------------  -------------------
/opt/airflow/dags/smooth.py                           1           0  0.19s           2024-07-09T16:01:49
================================================================================
[2024-07-09T16:02:44.467+0000] {manager.py:726} INFO - Searching for files in /opt/airflow/dags
[2024-07-09T16:02:44.478+0000] {manager.py:729} INFO - There are 1 files in /opt/airflow/dags
[2024-07-09T16:02:47.463+0000] {manager.py:854} INFO - 
================================================================================
DAG File Processing Stats

File Path                    PID    Runtime      # DAGs    # Errors  Last Runtime    Last Run
---------------------------  -----  ---------  --------  ----------  --------------  -------------------
/opt/airflow/dags/smooth.py                           1           0  0.21s           2024-07-09T16:02:19
================================================================================
[2024-07-09T16:03:17.777+0000] {manager.py:854} INFO - 
================================================================================
DAG File Processing Stats

File Path                    PID    Runtime      # DAGs    # Errors  Last Runtime    Last Run
---------------------------  -----  ---------  --------  ----------  --------------  -------------------
/opt/airflow/dags/smooth.py                           1           0  0.34s           2024-07-09T16:02:49
================================================================================
[2024-07-09T18:34:27.106+0000] {manager.py:483} INFO - Processing files using up to 2 processes at a time 
[2024-07-09T18:34:27.116+0000] {manager.py:484} INFO - Process each file at most once every 30 seconds
[2024-07-09T18:34:27.117+0000] {manager.py:486} INFO - Checking for new files in /opt/airflow/dags every 300 seconds
[2024-07-09T18:34:27.117+0000] {manager.py:726} INFO - Searching for files in /opt/airflow/dags
[2024-07-09T18:34:27.127+0000] {manager.py:729} INFO - There are 1 files in /opt/airflow/dags
[2024-07-09T18:34:27.685+0000] {manager.py:854} INFO - 
================================================================================
DAG File Processing Stats

File Path                      PID  Runtime      # DAGs    # Errors  Last Runtime    Last Run
---------------------------  -----  ---------  --------  ----------  --------------  ----------
/opt/airflow/dags/smooth.py     56  0.38s             0           0
================================================================================
[2024-07-09T18:34:58.601+0000] {manager.py:854} INFO - 
================================================================================
DAG File Processing Stats

File Path                    PID    Runtime      # DAGs    # Errors  Last Runtime    Last Run
---------------------------  -----  ---------  --------  ----------  --------------  -------------------
/opt/airflow/dags/smooth.py                           1           0  2.15s           2024-07-09T18:34:29
================================================================================
[2024-07-09T18:35:28.966+0000] {manager.py:854} INFO - 
================================================================================
DAG File Processing Stats

File Path                    PID    Runtime      # DAGs    # Errors  Last Runtime    Last Run
---------------------------  -----  ---------  --------  ----------  --------------  -------------------
/opt/airflow/dags/smooth.py                           1           0  0.48s           2024-07-09T18:35:00
================================================================================
[2024-07-09T18:35:59.602+0000] {manager.py:854} INFO - 
================================================================================
DAG File Processing Stats

File Path                    PID    Runtime      # DAGs    # Errors  Last Runtime    Last Run
---------------------------  -----  ---------  --------  ----------  --------------  -------------------
/opt/airflow/dags/smooth.py                           1           0  0.24s           2024-07-09T18:35:30
================================================================================
[2024-07-09T18:36:29.826+0000] {manager.py:854} INFO - 
================================================================================
DAG File Processing Stats

File Path                    PID    Runtime      # DAGs    # Errors  Last Runtime    Last Run
---------------------------  -----  ---------  --------  ----------  --------------  -------------------
/opt/airflow/dags/smooth.py                           1           0  0.17s           2024-07-09T18:36:00
================================================================================
[2024-07-09T18:37:00.207+0000] {manager.py:854} INFO - 
================================================================================
DAG File Processing Stats

File Path                    PID    Runtime      # DAGs    # Errors  Last Runtime    Last Run
---------------------------  -----  ---------  --------  ----------  --------------  -------------------
/opt/airflow/dags/smooth.py                           1           0  0.24s           2024-07-09T18:36:31
================================================================================
[2024-07-09T18:37:30.517+0000] {manager.py:854} INFO - 
================================================================================
DAG File Processing Stats

File Path                    PID    Runtime      # DAGs    # Errors  Last Runtime    Last Run
---------------------------  -----  ---------  --------  ----------  --------------  -------------------
/opt/airflow/dags/smooth.py                           1           0  0.58s           2024-07-09T18:37:01
================================================================================
[2024-07-09T18:37:39.404+0000] {manager.py:465} INFO - Exiting gracefully upon receiving signal 15
